<?xml version="1.0" encoding="UTF-8"?>
<testsuite name="com.induk.cinema.CinemaApplicationTests" tests="1" skipped="0" failures="0" errors="0" timestamp="2023-02-13T07:50:07" hostname="DESKTOP-FA2LLMO" time="1.144">
  <properties/>
  <testcase name="contextLoads()" classname="com.induk.cinema.CinemaApplicationTests" time="1.144"/>
  <system-out><![CDATA[16:49:58.561 [Test worker] DEBUG org.springframework.test.context.BootstrapUtils - Instantiating CacheAwareContextLoaderDelegate from class [org.springframework.test.context.cache.DefaultCacheAwareContextLoaderDelegate]
16:49:58.582 [Test worker] DEBUG org.springframework.test.context.BootstrapUtils - Instantiating BootstrapContext using constructor [public org.springframework.test.context.support.DefaultBootstrapContext(java.lang.Class,org.springframework.test.context.CacheAwareContextLoaderDelegate)]
16:49:58.634 [Test worker] DEBUG org.springframework.test.context.BootstrapUtils - Instantiating TestContextBootstrapper for test class [com.induk.cinema.CinemaApplicationTests] from class [org.springframework.boot.test.context.SpringBootTestContextBootstrapper]
16:49:58.651 [Test worker] INFO org.springframework.boot.test.context.SpringBootTestContextBootstrapper - Neither @ContextConfiguration nor @ContextHierarchy found for test class [com.induk.cinema.CinemaApplicationTests], using SpringBootContextLoader
16:49:58.665 [Test worker] DEBUG org.springframework.test.context.support.AbstractContextLoader - Did not detect default resource location for test class [com.induk.cinema.CinemaApplicationTests]: class path resource [com/induk/cinema/CinemaApplicationTests-context.xml] does not exist
16:49:58.666 [Test worker] DEBUG org.springframework.test.context.support.AbstractContextLoader - Did not detect default resource location for test class [com.induk.cinema.CinemaApplicationTests]: class path resource [com/induk/cinema/CinemaApplicationTestsContext.groovy] does not exist
16:49:58.666 [Test worker] INFO org.springframework.test.context.support.AbstractContextLoader - Could not detect default resource locations for test class [com.induk.cinema.CinemaApplicationTests]: no resource found for suffixes {-context.xml, Context.groovy}.
16:49:58.668 [Test worker] INFO org.springframework.test.context.support.AnnotationConfigContextLoaderUtils - Could not detect default configuration classes for test class [com.induk.cinema.CinemaApplicationTests]: CinemaApplicationTests does not declare any static, non-private, non-final, nested classes annotated with @Configuration.
16:49:58.758 [Test worker] DEBUG org.springframework.test.context.support.ActiveProfilesUtils - Could not find an 'annotation declaring class' for annotation type [org.springframework.test.context.ActiveProfiles] and class [com.induk.cinema.CinemaApplicationTests]
16:49:58.877 [Test worker] DEBUG org.springframework.context.annotation.ClassPathScanningCandidateComponentProvider - Identified candidate component class: file [C:\Users\jieun\study\cinema-project-master\cinema-project-master\build\classes\java\main\com\induk\cinema\CinemaApplication.class]
16:49:58.881 [Test worker] INFO org.springframework.boot.test.context.SpringBootTestContextBootstrapper - Found @SpringBootConfiguration com.induk.cinema.CinemaApplication for test class com.induk.cinema.CinemaApplicationTests
16:49:59.036 [Test worker] DEBUG org.springframework.boot.test.context.SpringBootTestContextBootstrapper - @TestExecutionListeners is not present for class [com.induk.cinema.CinemaApplicationTests]: using defaults.
16:49:59.037 [Test worker] INFO org.springframework.boot.test.context.SpringBootTestContextBootstrapper - Loaded default TestExecutionListener class names from location [META-INF/spring.factories]: [org.springframework.boot.test.autoconfigure.restdocs.RestDocsTestExecutionListener, org.springframework.boot.test.autoconfigure.web.client.MockRestServiceServerResetTestExecutionListener, org.springframework.boot.test.autoconfigure.web.servlet.MockMvcPrintOnlyOnFailureTestExecutionListener, org.springframework.boot.test.autoconfigure.web.servlet.WebDriverTestExecutionListener, org.springframework.boot.test.autoconfigure.webservices.client.MockWebServiceServerTestExecutionListener, org.springframework.boot.test.mock.mockito.MockitoTestExecutionListener, org.springframework.boot.test.mock.mockito.ResetMocksTestExecutionListener, org.springframework.test.context.web.ServletTestExecutionListener, org.springframework.test.context.support.DirtiesContextBeforeModesTestExecutionListener, org.springframework.test.context.event.ApplicationEventsTestExecutionListener, org.springframework.test.context.support.DependencyInjectionTestExecutionListener, org.springframework.test.context.support.DirtiesContextTestExecutionListener, org.springframework.test.context.transaction.TransactionalTestExecutionListener, org.springframework.test.context.jdbc.SqlScriptsTestExecutionListener, org.springframework.test.context.event.EventPublishingTestExecutionListener]
16:49:59.066 [Test worker] INFO org.springframework.boot.test.context.SpringBootTestContextBootstrapper - Using TestExecutionListeners: [org.springframework.test.context.web.ServletTestExecutionListener@6e675e71, org.springframework.test.context.support.DirtiesContextBeforeModesTestExecutionListener@13434e01, org.springframework.test.context.event.ApplicationEventsTestExecutionListener@5b5d67c0, org.springframework.boot.test.mock.mockito.MockitoTestExecutionListener@53b66667, org.springframework.boot.test.autoconfigure.SpringBootDependencyInjectionTestExecutionListener@7763eb6, org.springframework.test.context.support.DirtiesContextTestExecutionListener@e4c5b1f, org.springframework.test.context.transaction.TransactionalTestExecutionListener@3e9f4e71, org.springframework.test.context.jdbc.SqlScriptsTestExecutionListener@5e7a929b, org.springframework.test.context.event.EventPublishingTestExecutionListener@68cf946c, org.springframework.boot.test.autoconfigure.restdocs.RestDocsTestExecutionListener@4b7aec9, org.springframework.boot.test.autoconfigure.web.client.MockRestServiceServerResetTestExecutionListener@409f94e8, org.springframework.boot.test.autoconfigure.web.servlet.MockMvcPrintOnlyOnFailureTestExecutionListener@4afb382a, org.springframework.boot.test.autoconfigure.web.servlet.WebDriverTestExecutionListener@5e83b9ed, org.springframework.boot.test.autoconfigure.webservices.client.MockWebServiceServerTestExecutionListener@677b8512, org.springframework.boot.test.mock.mockito.ResetMocksTestExecutionListener@5bff75c1]
16:49:59.073 [Test worker] DEBUG org.springframework.test.context.support.AbstractDirtiesContextTestExecutionListener - Before test class: context [DefaultTestContext@73c65895 testClass = CinemaApplicationTests, testInstance = [null], testMethod = [null], testException = [null], mergedContextConfiguration = [WebMergedContextConfiguration@791e88bd testClass = CinemaApplicationTests, locations = '{}', classes = '{class com.induk.cinema.CinemaApplication}', contextInitializerClasses = '[]', activeProfiles = '{}', propertySourceLocations = '{}', propertySourceProperties = '{org.springframework.boot.test.context.SpringBootTestContextBootstrapper=true}', contextCustomizers = set[org.springframework.boot.test.autoconfigure.actuate.metrics.MetricsExportContextCustomizerFactory$DisableMetricExportContextCustomizer@5271c912, org.springframework.boot.test.autoconfigure.properties.PropertyMappingContextCustomizer@0, org.springframework.boot.test.autoconfigure.web.servlet.WebDriverContextCustomizerFactory$Customizer@9c5d580, org.springframework.boot.test.context.filter.ExcludeFilterContextCustomizer@2aed5210, org.springframework.boot.test.json.DuplicateJsonObjectContextCustomizerFactory$DuplicateJsonObjectContextCustomizer@391383e1, org.springframework.boot.test.mock.mockito.MockitoContextCustomizer@0, org.springframework.boot.test.web.client.TestRestTemplateContextCustomizer@1a4a784a, org.springframework.boot.test.context.SpringBootTestArgs@1, org.springframework.boot.test.context.SpringBootTestWebEnvironment@31d43a79], resourceBasePath = 'src/main/webapp', contextLoader = 'org.springframework.boot.test.context.SpringBootContextLoader', parent = [null]], attributes = map['org.springframework.test.context.web.ServletTestExecutionListener.activateListener' -> true]], class annotated with @DirtiesContext [false] with mode [null].
16:49:59.131 [Test worker] DEBUG org.springframework.test.context.support.TestPropertySourceUtils - Adding inlined properties to environment: {spring.jmx.enabled=false, org.springframework.boot.test.context.SpringBootTestContextBootstrapper=true}

  .   ____          _            __ _ _
 /\\ / ___'_ __ _ _(_)_ __  __ _ \ \ \ \
( ( )\___ | '_ | '_| | '_ \/ _` | \ \ \ \
 \\/  ___)| |_)| | | | | || (_| |  ) ) ) )
  '  |____| .__|_| |_|_| |_\__, | / / / /
 =========|_|==============|___/=/_/_/_/
 :: Spring Boot ::                (v2.5.2)

2023-02-13 16:49:59.760  INFO 17776 --- [    Test worker] com.induk.cinema.CinemaApplicationTests  : Starting CinemaApplicationTests using Java 16.0.2 on DESKTOP-FA2LLMO with PID 17776 (started by jieun in C:\Users\jieun\study\cinema-project-master\cinema-project-master)
2023-02-13 16:49:59.767  INFO 17776 --- [    Test worker] com.induk.cinema.CinemaApplicationTests  : No active profile set, falling back to default profiles: default
2023-02-13 16:50:01.816  INFO 17776 --- [    Test worker] .s.d.r.c.RepositoryConfigurationDelegate : Bootstrapping Spring Data JDBC repositories in DEFAULT mode.
2023-02-13 16:50:01.881  INFO 17776 --- [    Test worker] .s.d.r.c.RepositoryConfigurationDelegate : Finished Spring Data repository scanning in 54 ms. Found 0 JDBC repository interfaces.
2023-02-13 16:50:05.608  INFO 17776 --- [    Test worker] o.s.b.a.w.s.WelcomePageHandlerMapping    : Adding welcome page template: index
2023-02-13 16:50:06.359  INFO 17776 --- [    Test worker] com.zaxxer.hikari.HikariDataSource       : HikariPool-1 - Starting...
2023-02-13 16:50:07.001  INFO 17776 --- [    Test worker] com.zaxxer.hikari.HikariDataSource       : HikariPool-1 - Start completed.
2023-02-13 16:50:07.498  INFO 17776 --- [    Test worker] com.induk.cinema.CinemaApplicationTests  : Started CinemaApplicationTests in 8.354 seconds (JVM running for 11.692)
]]></system-out>
  <system-err><![CDATA[]]></system-err>
</testsuite>
